Build started 4/17/2016 7:08:36 PM.
     1>Project "C:\Users\joejk\Documents\GitHub\Conquers\CS440\CS440\CS440.vcxproj" on node 2 (Build target(s)).
     1>ClCompile:
         C:\Program Files (x86)\Microsoft Visual Studio 12.0\VC\bin\CL.exe /c /I"C:\Users\joejk\Documents\GitHub\Conquers\CS440\\SFML-2.3.2\include" /Zi /nologo /W3 /WX- /sdl /O2 /Oi /Oy- /GL /D _MBCS /Gm- /EHsc /MD /GS /Gy /fp:precise /Zc:wchar_t /Zc:forScope /Fo"Release\\" /Fd"Release\vc120.pdb" /Gd /TP /analyze- /errorReport:prompt Scenes.cpp Splash.cpp
         Scenes.cpp
         Splash.cpp
     1>Splash.cpp(12): warning C4244: 'argument' : conversion from 'int' to 'float', possible loss of data
     1>Splash.cpp(15): warning C4553: '==' : operator has no effect; did you intend '='?
     1>Splash.cpp(16): warning C4553: '==' : operator has no effect; did you intend '='?
     1>Splash.cpp(17): warning C4553: '==' : operator has no effect; did you intend '='?
     1>Splash.cpp(25): warning C4553: '==' : operator has no effect; did you intend '='?
     1>Splash.cpp(176): warning C4305: 'argument' : truncation from 'double' to 'float'
     1>Splash.cpp(181): warning C4305: 'argument' : truncation from 'double' to 'float'
       Link:
         C:\Program Files (x86)\Microsoft Visual Studio 12.0\VC\bin\link.exe /ERRORREPORT:PROMPT /OUT:"C:\Users\joejk\Documents\GitHub\Conquers\CS440\Release\CS440.exe" /NOLOGO /LIBPATH:"C:\Users\joejk\Documents\GitHub\Conquers\CS440\\SFML-2.3.2\lib" openal32.lib "sfml-graphics.lib" "sfml-audio.lib" "sfml-window.lib" "sfml-system.lib" kernel32.lib user32.lib gdi32.lib winspool.lib comdlg32.lib advapi32.lib shell32.lib ole32.lib oleaut32.lib uuid.lib odbc32.lib odbccp32.lib /MANIFEST /MANIFESTUAC:"level='asInvoker' uiAccess='false'" /manifest:embed /DEBUG /PDB:"C:\Users\joejk\Documents\GitHub\Conquers\CS440\Release\CS440.pdb" /OPT:REF /OPT:ICF /LTCG /TLBID:1 /DYNAMICBASE /NXCOMPAT /IMPLIB:"C:\Users\joejk\Documents\GitHub\Conquers\CS440\Release\CS440.lib" /MACHINE:X86 /SAFESEH Release\Ai.obj
         Release\Button.obj
         Release\ButtonManager.obj
         Release\ConquerScene.obj
         Release\CreateScene.obj
         Release\Datamgr.obj
         Release\Debug.obj
         Release\Failure.obj
         Release\Game.obj
         Release\GameOptionsScene.obj
         Release\GameplayScene.obj
         Release\HelpScene.obj
         Release\InputManager.obj
         Release\LoginScene.obj
         Release\MainMenuScene.obj
         Release\Player.obj
         Release\Questions.obj
         Release\RunningData.obj
         Release\Scenes.obj
         Release\Splash.obj
         Release\StringInput.obj
         Release\StringManager.obj
         Generating code
     1>c:\users\joejk\documents\github\conquers\cs440\cs440\buttonmanager.cpp(23): warning C4715: 'ButtonManager::MouseButtonReleased' : not all control paths return a value
         Finished generating code
         CS440.vcxproj -> C:\Users\joejk\Documents\GitHub\Conquers\CS440\Release\CS440.exe
     1>Done Building Project "C:\Users\joejk\Documents\GitHub\Conquers\CS440\CS440\CS440.vcxproj" (Build target(s)).

Build succeeded.

Time Elapsed 00:00:18.03
